2025/03/13 08:35:03 [notice] 1#1: using the "epoll" event method
2025/03/13 08:35:03 [notice] 1#1: nginx/1.27.4
2025/03/13 08:35:03 [notice] 1#1: built by gcc 12.2.0 (Debian 12.2.0-14) 
2025/03/13 08:35:03 [notice] 1#1: OS: Linux 6.12.5-linuxkit
2025/03/13 08:35:03 [notice] 1#1: getrlimit(RLIMIT_NOFILE): 1048576:1048576
2025/03/13 08:35:03 [notice] 1#1: start worker processes
2025/03/13 08:35:03 [notice] 1#1: start worker process 29
2025/03/13 08:35:03 [notice] 1#1: start worker process 30
2025/03/13 08:35:03 [notice] 1#1: start worker process 31
2025/03/13 08:35:03 [notice] 1#1: start worker process 32
2025/03/13 08:35:03 [notice] 1#1: start worker process 33
2025/03/13 08:35:03 [notice] 1#1: start worker process 34
2025/03/13 08:35:03 [notice] 1#1: start worker process 35
2025/03/13 08:35:03 [notice] 1#1: start worker process 36
2025/03/13 08:35:03 [notice] 1#1: start worker process 37
2025/03/13 08:35:03 [notice] 1#1: start worker process 38
2025/03/13 08:35:03 [notice] 1#1: start worker process 39
2025/03/13 08:35:03 [notice] 1#1: start worker process 40
2025/03/13 08:35:03 [notice] 1#1: start worker process 41
2025/03/13 08:35:03 [notice] 1#1: start worker process 42
2025/03/13 08:35:03 [notice] 1#1: start worker process 43
2025/03/13 08:35:03 [notice] 1#1: start worker process 44
2025/03/13 08:35:23 [notice] 1#1: signal 3 (SIGQUIT) received, shutting down
2025/03/13 08:35:23 [notice] 29#29: gracefully shutting down
2025/03/13 08:35:23 [notice] 33#33: gracefully shutting down
2025/03/13 08:35:23 [notice] 33#33: exiting
2025/03/13 08:35:23 [notice] 31#31: gracefully shutting down
2025/03/13 08:35:23 [notice] 30#30: gracefully shutting down
2025/03/13 08:35:23 [notice] 32#32: gracefully shutting down
2025/03/13 08:35:23 [notice] 35#35: gracefully shutting down
2025/03/13 08:35:23 [notice] 37#37: gracefully shutting down
2025/03/13 08:35:23 [notice] 36#36: gracefully shutting down
2025/03/13 08:35:23 [notice] 34#34: gracefully shutting down
2025/03/13 08:35:23 [notice] 38#38: gracefully shutting down
2025/03/13 08:35:23 [notice] 41#41: gracefully shutting down
2025/03/13 08:35:23 [notice] 43#43: gracefully shutting down
2025/03/13 08:35:23 [notice] 42#42: gracefully shutting down
2025/03/13 08:35:23 [notice] 40#40: gracefully shutting down
2025/03/13 08:35:23 [notice] 44#44: gracefully shutting down
2025/03/13 08:35:23 [notice] 39#39: gracefully shutting down
2025/03/13 08:35:23 [notice] 29#29: exiting
2025/03/13 08:35:23 [notice] 39#39: exiting
2025/03/13 08:35:23 [notice] 33#33: exit
2025/03/13 08:35:23 [notice] 31#31: exiting
2025/03/13 08:35:23 [notice] 30#30: exiting
2025/03/13 08:35:23 [notice] 31#31: exit
2025/03/13 08:35:23 [notice] 32#32: exiting
2025/03/13 08:35:23 [notice] 35#35: exiting
2025/03/13 08:35:23 [notice] 37#37: exiting
2025/03/13 08:35:23 [notice] 36#36: exiting
2025/03/13 08:35:23 [notice] 34#34: exiting
2025/03/13 08:35:23 [notice] 38#38: exiting
2025/03/13 08:35:23 [notice] 41#41: exiting
2025/03/13 08:35:23 [notice] 43#43: exiting
2025/03/13 08:35:23 [notice] 42#42: exiting
2025/03/13 08:35:23 [notice] 40#40: exiting
2025/03/13 08:35:23 [notice] 44#44: exiting
2025/03/13 08:35:23 [notice] 29#29: exit
2025/03/13 08:35:23 [notice] 39#39: exit
2025/03/13 08:35:23 [notice] 30#30: exit
2025/03/13 08:35:23 [notice] 32#32: exit
2025/03/13 08:35:23 [notice] 35#35: exit
2025/03/13 08:35:23 [notice] 37#37: exit
2025/03/13 08:35:23 [notice] 36#36: exit
2025/03/13 08:35:23 [notice] 34#34: exit
2025/03/13 08:35:23 [notice] 38#38: exit
2025/03/13 08:35:23 [notice] 41#41: exit
2025/03/13 08:35:23 [notice] 43#43: exit
2025/03/13 08:35:23 [notice] 42#42: exit
2025/03/13 08:35:23 [notice] 40#40: exit
2025/03/13 08:35:23 [notice] 44#44: exit
2025/03/13 08:35:23 [notice] 1#1: signal 17 (SIGCHLD) received from 38
2025/03/13 08:35:23 [notice] 1#1: worker process 31 exited with code 0
2025/03/13 08:35:23 [notice] 1#1: worker process 33 exited with code 0
2025/03/13 08:35:23 [notice] 1#1: worker process 34 exited with code 0
2025/03/13 08:35:23 [notice] 1#1: worker process 38 exited with code 0
2025/03/13 08:35:23 [notice] 1#1: worker process 40 exited with code 0
2025/03/13 08:35:23 [notice] 1#1: worker process 43 exited with code 0
2025/03/13 08:35:23 [notice] 1#1: signal 29 (SIGIO) received
2025/03/13 08:35:23 [notice] 1#1: signal 17 (SIGCHLD) received from 36
2025/03/13 08:35:23 [notice] 1#1: worker process 35 exited with code 0
2025/03/13 08:35:23 [notice] 1#1: worker process 36 exited with code 0
2025/03/13 08:35:23 [notice] 1#1: worker process 37 exited with code 0
2025/03/13 08:35:23 [notice] 1#1: worker process 39 exited with code 0
2025/03/13 08:35:23 [notice] 1#1: signal 29 (SIGIO) received
2025/03/13 08:35:23 [notice] 1#1: signal 17 (SIGCHLD) received from 32
2025/03/13 08:35:23 [notice] 1#1: worker process 29 exited with code 0
2025/03/13 08:35:23 [notice] 1#1: worker process 32 exited with code 0
2025/03/13 08:35:23 [notice] 1#1: worker process 42 exited with code 0
2025/03/13 08:35:23 [notice] 1#1: signal 29 (SIGIO) received
2025/03/13 08:35:23 [notice] 1#1: signal 17 (SIGCHLD) received from 41
2025/03/13 08:35:23 [notice] 1#1: worker process 30 exited with code 0
2025/03/13 08:35:23 [notice] 1#1: worker process 41 exited with code 0
2025/03/13 08:35:23 [notice] 1#1: worker process 44 exited with code 0
2025/03/13 08:35:23 [notice] 1#1: exit
2025/03/13 20:03:51 [notice] 1#1: using the "epoll" event method
2025/03/13 20:03:51 [notice] 1#1: nginx/1.27.4
2025/03/13 20:03:51 [notice] 1#1: built by gcc 12.2.0 (Debian 12.2.0-14) 
2025/03/13 20:03:51 [notice] 1#1: OS: Linux 6.12.5-linuxkit
2025/03/13 20:03:51 [notice] 1#1: getrlimit(RLIMIT_NOFILE): 1048576:1048576
2025/03/13 20:03:51 [notice] 1#1: start worker processes
2025/03/13 20:03:51 [notice] 1#1: start worker process 29
2025/03/13 20:03:51 [notice] 1#1: start worker process 30
2025/03/13 20:03:51 [notice] 1#1: start worker process 31
2025/03/13 20:03:51 [notice] 1#1: start worker process 32
2025/03/13 20:03:51 [notice] 1#1: start worker process 33
2025/03/13 20:03:51 [notice] 1#1: start worker process 34
2025/03/13 20:03:51 [notice] 1#1: start worker process 35
2025/03/13 20:03:51 [notice] 1#1: start worker process 36
2025/03/13 20:03:51 [notice] 1#1: start worker process 37
2025/03/13 20:03:51 [notice] 1#1: start worker process 38
2025/03/13 20:03:51 [notice] 1#1: start worker process 39
2025/03/13 20:03:51 [notice] 1#1: start worker process 40
2025/03/13 20:03:51 [notice] 1#1: start worker process 41
2025/03/13 20:03:51 [notice] 1#1: start worker process 42
2025/03/13 20:03:51 [notice] 1#1: start worker process 43
2025/03/13 20:03:51 [notice] 1#1: start worker process 44
2025/03/13 20:43:31 [notice] 1#1: signal 3 (SIGQUIT) received, shutting down
2025/03/13 20:43:31 [notice] 30#30: gracefully shutting down
2025/03/13 20:43:31 [notice] 42#42: gracefully shutting down
2025/03/13 20:43:31 [notice] 31#31: gracefully shutting down
2025/03/13 20:43:31 [notice] 32#32: gracefully shutting down
2025/03/13 20:43:31 [notice] 33#33: gracefully shutting down
2025/03/13 20:43:31 [notice] 29#29: gracefully shutting down
2025/03/13 20:43:31 [notice] 34#34: gracefully shutting down
2025/03/13 20:43:31 [notice] 35#35: gracefully shutting down
2025/03/13 20:43:31 [notice] 36#36: gracefully shutting down
2025/03/13 20:43:31 [notice] 38#38: gracefully shutting down
2025/03/13 20:43:31 [notice] 37#37: gracefully shutting down
2025/03/13 20:43:31 [notice] 39#39: gracefully shutting down
2025/03/13 20:43:31 [notice] 41#41: gracefully shutting down
2025/03/13 20:43:31 [notice] 40#40: gracefully shutting down
2025/03/13 20:43:31 [notice] 43#43: gracefully shutting down
2025/03/13 20:43:31 [notice] 44#44: gracefully shutting down
2025/03/13 20:43:31 [notice] 30#30: exiting
2025/03/13 20:43:31 [notice] 42#42: exiting
2025/03/13 20:43:31 [notice] 31#31: exiting
2025/03/13 20:43:31 [notice] 32#32: exiting
2025/03/13 20:43:31 [notice] 31#31: exit
2025/03/13 20:43:31 [notice] 33#33: exiting
2025/03/13 20:43:31 [notice] 29#29: exiting
2025/03/13 20:43:31 [notice] 33#33: exit
2025/03/13 20:43:31 [notice] 34#34: exiting
2025/03/13 20:43:31 [notice] 35#35: exiting
2025/03/13 20:43:31 [notice] 36#36: exiting
2025/03/13 20:43:31 [notice] 38#38: exiting
2025/03/13 20:43:31 [notice] 37#37: exiting
2025/03/13 20:43:31 [notice] 38#38: exit
2025/03/13 20:43:31 [notice] 39#39: exiting
2025/03/13 20:43:31 [notice] 41#41: exiting
2025/03/13 20:43:31 [notice] 40#40: exiting
2025/03/13 20:43:31 [notice] 41#41: exit
2025/03/13 20:43:31 [notice] 43#43: exiting
2025/03/13 20:43:31 [notice] 44#44: exiting
2025/03/13 20:43:31 [notice] 30#30: exit
2025/03/13 20:43:31 [notice] 44#44: exit
2025/03/13 20:43:31 [notice] 42#42: exit
2025/03/13 20:43:31 [notice] 32#32: exit
2025/03/13 20:43:31 [notice] 29#29: exit
2025/03/13 20:43:31 [notice] 34#34: exit
2025/03/13 20:43:31 [notice] 35#35: exit
2025/03/13 20:43:31 [notice] 36#36: exit
2025/03/13 20:43:31 [notice] 37#37: exit
2025/03/13 20:43:31 [notice] 39#39: exit
2025/03/13 20:43:31 [notice] 40#40: exit
2025/03/13 20:43:31 [notice] 43#43: exit
2025/03/13 20:43:31 [notice] 1#1: signal 17 (SIGCHLD) received from 30
2025/03/13 20:43:31 [notice] 1#1: worker process 29 exited with code 0
2025/03/13 20:43:31 [notice] 1#1: worker process 30 exited with code 0
2025/03/13 20:43:31 [notice] 1#1: worker process 34 exited with code 0
2025/03/13 20:43:31 [notice] 1#1: worker process 38 exited with code 0
2025/03/13 20:43:31 [notice] 1#1: worker process 41 exited with code 0
2025/03/13 20:43:31 [notice] 1#1: worker process 42 exited with code 0
2025/03/13 20:43:31 [notice] 1#1: worker process 43 exited with code 0
2025/03/13 20:43:31 [notice] 1#1: worker process 44 exited with code 0
2025/03/13 20:43:31 [notice] 1#1: signal 29 (SIGIO) received
2025/03/13 20:43:31 [notice] 1#1: signal 17 (SIGCHLD) received from 31
2025/03/13 20:43:31 [notice] 1#1: worker process 31 exited with code 0
2025/03/13 20:43:31 [notice] 1#1: worker process 33 exited with code 0
2025/03/13 20:43:31 [notice] 1#1: worker process 36 exited with code 0
2025/03/13 20:43:31 [notice] 1#1: worker process 37 exited with code 0
2025/03/13 20:43:31 [notice] 1#1: signal 29 (SIGIO) received
2025/03/13 20:43:31 [notice] 1#1: signal 17 (SIGCHLD) received from 37
2025/03/13 20:43:31 [notice] 1#1: signal 17 (SIGCHLD) received from 39
2025/03/13 20:43:31 [notice] 1#1: worker process 32 exited with code 0
2025/03/13 20:43:31 [notice] 1#1: worker process 35 exited with code 0
2025/03/13 20:43:31 [notice] 1#1: worker process 39 exited with code 0
2025/03/13 20:43:31 [notice] 1#1: worker process 40 exited with code 0
2025/03/13 20:43:31 [notice] 1#1: exit
2025/03/14 04:59:22 [notice] 1#1: using the "epoll" event method
2025/03/14 04:59:22 [notice] 1#1: nginx/1.27.4
2025/03/14 04:59:22 [notice] 1#1: built by gcc 12.2.0 (Debian 12.2.0-14) 
2025/03/14 04:59:22 [notice] 1#1: OS: Linux 6.12.5-linuxkit
2025/03/14 04:59:22 [notice] 1#1: getrlimit(RLIMIT_NOFILE): 1048576:1048576
2025/03/14 04:59:22 [notice] 1#1: start worker processes
2025/03/14 04:59:22 [notice] 1#1: start worker process 29
2025/03/14 04:59:22 [notice] 1#1: start worker process 30
2025/03/14 04:59:22 [notice] 1#1: start worker process 31
2025/03/14 04:59:22 [notice] 1#1: start worker process 32
2025/03/14 04:59:22 [notice] 1#1: start worker process 33
2025/03/14 04:59:22 [notice] 1#1: start worker process 34
2025/03/14 04:59:22 [notice] 1#1: start worker process 35
2025/03/14 04:59:22 [notice] 1#1: start worker process 36
2025/03/14 04:59:22 [notice] 1#1: start worker process 37
2025/03/14 04:59:22 [notice] 1#1: start worker process 38
2025/03/14 04:59:22 [notice] 1#1: start worker process 39
2025/03/14 04:59:22 [notice] 1#1: start worker process 40
2025/03/14 04:59:22 [notice] 1#1: start worker process 41
2025/03/14 04:59:22 [notice] 1#1: start worker process 42
2025/03/14 04:59:22 [notice] 1#1: start worker process 43
2025/03/14 04:59:22 [notice] 1#1: start worker process 44
2025/03/14 06:56:41 [notice] 1#1: using the "epoll" event method
2025/03/14 06:56:41 [notice] 1#1: nginx/1.27.4
2025/03/14 06:56:41 [notice] 1#1: built by gcc 12.2.0 (Debian 12.2.0-14) 
2025/03/14 06:56:41 [notice] 1#1: OS: Linux 6.12.5-linuxkit
2025/03/14 06:56:41 [notice] 1#1: getrlimit(RLIMIT_NOFILE): 1048576:1048576
2025/03/14 06:56:41 [notice] 1#1: start worker processes
2025/03/14 06:56:41 [notice] 1#1: start worker process 22
2025/03/14 06:56:41 [notice] 1#1: start worker process 23
2025/03/14 06:56:41 [notice] 1#1: start worker process 24
2025/03/14 06:56:41 [notice] 1#1: start worker process 25
2025/03/14 06:56:41 [notice] 1#1: start worker process 26
2025/03/14 06:56:41 [notice] 1#1: start worker process 27
2025/03/14 06:56:41 [notice] 1#1: start worker process 28
2025/03/14 06:56:41 [notice] 1#1: start worker process 29
2025/03/14 06:56:41 [notice] 1#1: start worker process 30
2025/03/14 06:56:41 [notice] 1#1: start worker process 31
2025/03/14 06:56:41 [notice] 1#1: start worker process 32
2025/03/14 06:56:41 [notice] 1#1: start worker process 33
2025/03/14 06:56:41 [notice] 1#1: start worker process 34
2025/03/14 06:56:41 [notice] 1#1: start worker process 35
2025/03/14 06:56:41 [notice] 1#1: start worker process 36
2025/03/14 06:56:41 [notice] 1#1: start worker process 37
2025/03/14 07:01:57 [notice] 1#1: signal 3 (SIGQUIT) received, shutting down
2025/03/14 07:01:57 [notice] 23#23: gracefully shutting down
2025/03/14 07:01:57 [notice] 26#26: gracefully shutting down
2025/03/14 07:01:57 [notice] 24#24: gracefully shutting down
2025/03/14 07:01:57 [notice] 28#28: gracefully shutting down
2025/03/14 07:01:57 [notice] 25#25: gracefully shutting down
2025/03/14 07:01:57 [notice] 27#27: gracefully shutting down
2025/03/14 07:01:57 [notice] 29#29: gracefully shutting down
2025/03/14 07:01:57 [notice] 32#32: gracefully shutting down
2025/03/14 07:01:57 [notice] 30#30: gracefully shutting down
2025/03/14 07:01:57 [notice] 22#22: gracefully shutting down
2025/03/14 07:01:57 [notice] 33#33: gracefully shutting down
2025/03/14 07:01:57 [notice] 31#31: gracefully shutting down
2025/03/14 07:01:57 [notice] 35#35: gracefully shutting down
2025/03/14 07:01:57 [notice] 36#36: gracefully shutting down
2025/03/14 07:01:57 [notice] 34#34: gracefully shutting down
2025/03/14 07:01:57 [notice] 37#37: gracefully shutting down
2025/03/14 07:01:57 [notice] 23#23: exiting
2025/03/14 07:01:57 [notice] 26#26: exiting
2025/03/14 07:01:57 [notice] 24#24: exiting
2025/03/14 07:01:57 [notice] 28#28: exiting
2025/03/14 07:01:57 [notice] 25#25: exiting
2025/03/14 07:01:57 [notice] 27#27: exiting
2025/03/14 07:01:57 [notice] 29#29: exiting
2025/03/14 07:01:57 [notice] 32#32: exiting
2025/03/14 07:01:57 [notice] 30#30: exiting
2025/03/14 07:01:57 [notice] 22#22: exiting
2025/03/14 07:01:57 [notice] 33#33: exiting
2025/03/14 07:01:57 [notice] 31#31: exiting
2025/03/14 07:01:57 [notice] 35#35: exiting
2025/03/14 07:01:57 [notice] 36#36: exiting
2025/03/14 07:01:57 [notice] 34#34: exiting
2025/03/14 07:01:57 [notice] 37#37: exiting
2025/03/14 07:01:57 [notice] 23#23: exit
2025/03/14 07:01:57 [notice] 26#26: exit
2025/03/14 07:01:57 [notice] 24#24: exit
2025/03/14 07:01:57 [notice] 28#28: exit
2025/03/14 07:01:57 [notice] 25#25: exit
2025/03/14 07:01:57 [notice] 27#27: exit
2025/03/14 07:01:57 [notice] 29#29: exit
2025/03/14 07:01:57 [notice] 32#32: exit
2025/03/14 07:01:57 [notice] 30#30: exit
2025/03/14 07:01:57 [notice] 22#22: exit
2025/03/14 07:01:57 [notice] 33#33: exit
2025/03/14 07:01:57 [notice] 31#31: exit
2025/03/14 07:01:57 [notice] 35#35: exit
2025/03/14 07:01:57 [notice] 36#36: exit
2025/03/14 07:01:57 [notice] 34#34: exit
2025/03/14 07:01:57 [notice] 37#37: exit
2025/03/14 07:01:57 [notice] 1#1: signal 17 (SIGCHLD) received from 22
2025/03/14 07:01:57 [notice] 1#1: worker process 22 exited with code 0
2025/03/14 07:01:57 [notice] 1#1: worker process 23 exited with code 0
2025/03/14 07:01:57 [notice] 1#1: worker process 30 exited with code 0
2025/03/14 07:01:57 [notice] 1#1: worker process 31 exited with code 0
2025/03/14 07:01:57 [notice] 1#1: worker process 33 exited with code 0
2025/03/14 07:01:57 [notice] 1#1: worker process 35 exited with code 0
2025/03/14 07:01:57 [notice] 1#1: worker process 37 exited with code 0
2025/03/14 07:01:57 [notice] 1#1: signal 29 (SIGIO) received
2025/03/14 07:01:57 [notice] 1#1: signal 17 (SIGCHLD) received from 32
2025/03/14 07:01:57 [notice] 1#1: worker process 29 exited with code 0
2025/03/14 07:01:57 [notice] 1#1: worker process 24 exited with code 0
2025/03/14 07:01:57 [notice] 1#1: worker process 32 exited with code 0
2025/03/14 07:01:57 [notice] 1#1: signal 29 (SIGIO) received
2025/03/14 07:01:57 [notice] 1#1: signal 17 (SIGCHLD) received from 29
2025/03/14 07:01:57 [notice] 1#1: signal 17 (SIGCHLD) received from 34
2025/03/14 07:01:57 [notice] 1#1: worker process 25 exited with code 0
2025/03/14 07:01:57 [notice] 1#1: worker process 26 exited with code 0
2025/03/14 07:01:57 [notice] 1#1: worker process 27 exited with code 0
2025/03/14 07:01:57 [notice] 1#1: worker process 28 exited with code 0
2025/03/14 07:01:57 [notice] 1#1: worker process 34 exited with code 0
2025/03/14 07:01:57 [notice] 1#1: worker process 36 exited with code 0
2025/03/14 07:01:57 [notice] 1#1: exit
2025/03/14 07:04:37 [notice] 1#1: using the "epoll" event method
2025/03/14 07:04:37 [notice] 1#1: nginx/1.27.4
2025/03/14 07:04:37 [notice] 1#1: built by gcc 12.2.0 (Debian 12.2.0-14) 
2025/03/14 07:04:37 [notice] 1#1: OS: Linux 6.12.5-linuxkit
2025/03/14 07:04:37 [notice] 1#1: getrlimit(RLIMIT_NOFILE): 1048576:1048576
2025/03/14 07:04:37 [notice] 1#1: start worker processes
2025/03/14 07:04:37 [notice] 1#1: start worker process 29
2025/03/14 07:04:37 [notice] 1#1: start worker process 30
2025/03/14 07:04:37 [notice] 1#1: start worker process 31
2025/03/14 07:04:37 [notice] 1#1: start worker process 32
2025/03/14 07:04:37 [notice] 1#1: start worker process 33
2025/03/14 07:04:37 [notice] 1#1: start worker process 34
2025/03/14 07:04:37 [notice] 1#1: start worker process 35
2025/03/14 07:04:37 [notice] 1#1: start worker process 36
2025/03/14 07:04:37 [notice] 1#1: start worker process 37
2025/03/14 07:04:37 [notice] 1#1: start worker process 38
2025/03/14 07:04:37 [notice] 1#1: start worker process 39
2025/03/14 07:04:37 [notice] 1#1: start worker process 40
2025/03/14 07:04:37 [notice] 1#1: start worker process 41
2025/03/14 07:04:37 [notice] 1#1: start worker process 42
2025/03/14 07:04:37 [notice] 1#1: start worker process 43
2025/03/14 07:04:37 [notice] 1#1: start worker process 44
2025/03/14 07:25:23 [notice] 1#1: signal 3 (SIGQUIT) received, shutting down
2025/03/14 07:25:23 [notice] 29#29: gracefully shutting down
2025/03/14 07:25:23 [notice] 42#42: gracefully shutting down
2025/03/14 07:25:23 [notice] 33#33: gracefully shutting down
2025/03/14 07:25:23 [notice] 30#30: gracefully shutting down
2025/03/14 07:25:23 [notice] 32#32: gracefully shutting down
2025/03/14 07:25:23 [notice] 31#31: gracefully shutting down
2025/03/14 07:25:23 [notice] 35#35: gracefully shutting down
2025/03/14 07:25:23 [notice] 34#34: gracefully shutting down
2025/03/14 07:25:23 [notice] 36#36: gracefully shutting down
2025/03/14 07:25:23 [notice] 36#36: exiting
2025/03/14 07:25:23 [notice] 39#39: gracefully shutting down
2025/03/14 07:25:23 [notice] 37#37: gracefully shutting down
2025/03/14 07:25:23 [notice] 40#40: gracefully shutting down
2025/03/14 07:25:23 [notice] 38#38: gracefully shutting down
2025/03/14 07:25:23 [notice] 41#41: gracefully shutting down
2025/03/14 07:25:23 [notice] 41#41: exiting
2025/03/14 07:25:23 [notice] 43#43: gracefully shutting down
2025/03/14 07:25:23 [notice] 29#29: exiting
2025/03/14 07:25:23 [notice] 44#44: gracefully shutting down
2025/03/14 07:25:23 [notice] 29#29: exit
2025/03/14 07:25:23 [notice] 42#42: exiting
2025/03/14 07:25:23 [notice] 33#33: exiting
2025/03/14 07:25:23 [notice] 30#30: exiting
2025/03/14 07:25:23 [notice] 32#32: exiting
2025/03/14 07:25:23 [notice] 31#31: exiting
2025/03/14 07:25:23 [notice] 35#35: exiting
2025/03/14 07:25:23 [notice] 31#31: exit
2025/03/14 07:25:23 [notice] 34#34: exiting
2025/03/14 07:25:23 [notice] 36#36: exit
2025/03/14 07:25:23 [notice] 39#39: exiting
2025/03/14 07:25:23 [notice] 37#37: exiting
2025/03/14 07:25:23 [notice] 40#40: exiting
2025/03/14 07:25:23 [notice] 38#38: exiting
2025/03/14 07:25:23 [notice] 41#41: exit
2025/03/14 07:25:23 [notice] 43#43: exiting
2025/03/14 07:25:23 [notice] 44#44: exiting
2025/03/14 07:25:23 [notice] 42#42: exit
2025/03/14 07:25:23 [notice] 33#33: exit
2025/03/14 07:25:23 [notice] 30#30: exit
2025/03/14 07:25:23 [notice] 32#32: exit
2025/03/14 07:25:23 [notice] 35#35: exit
2025/03/14 07:25:23 [notice] 34#34: exit
2025/03/14 07:25:23 [notice] 39#39: exit
2025/03/14 07:25:23 [notice] 37#37: exit
2025/03/14 07:25:23 [notice] 40#40: exit
2025/03/14 07:25:23 [notice] 38#38: exit
2025/03/14 07:25:23 [notice] 43#43: exit
2025/03/14 07:25:23 [notice] 44#44: exit
2025/03/14 07:25:23 [notice] 1#1: signal 17 (SIGCHLD) received from 44
2025/03/14 07:25:23 [notice] 1#1: worker process 29 exited with code 0
2025/03/14 07:25:23 [notice] 1#1: worker process 30 exited with code 0
2025/03/14 07:25:23 [notice] 1#1: worker process 31 exited with code 0
2025/03/14 07:25:23 [notice] 1#1: worker process 32 exited with code 0
2025/03/14 07:25:23 [notice] 1#1: worker process 33 exited with code 0
2025/03/14 07:25:23 [notice] 1#1: worker process 38 exited with code 0
2025/03/14 07:25:23 [notice] 1#1: worker process 41 exited with code 0
2025/03/14 07:25:23 [notice] 1#1: worker process 42 exited with code 0
2025/03/14 07:25:23 [notice] 1#1: worker process 44 exited with code 0
2025/03/14 07:25:23 [notice] 1#1: signal 29 (SIGIO) received
2025/03/14 07:25:23 [notice] 1#1: signal 17 (SIGCHLD) received from 29
2025/03/14 07:25:23 [notice] 1#1: signal 17 (SIGCHLD) received from 35
2025/03/14 07:25:23 [notice] 1#1: worker process 35 exited with code 0
2025/03/14 07:25:23 [notice] 1#1: worker process 36 exited with code 0
2025/03/14 07:25:23 [notice] 1#1: worker process 39 exited with code 0
2025/03/14 07:25:23 [notice] 1#1: signal 29 (SIGIO) received
2025/03/14 07:25:23 [notice] 1#1: signal 17 (SIGCHLD) received from 43
2025/03/14 07:25:23 [notice] 1#1: worker process 34 exited with code 0
2025/03/14 07:25:23 [notice] 1#1: worker process 37 exited with code 0
2025/03/14 07:25:23 [notice] 1#1: worker process 40 exited with code 0
2025/03/14 07:25:23 [notice] 1#1: worker process 43 exited with code 0
2025/03/14 07:25:23 [notice] 1#1: exit
2025/03/14 07:25:30 [notice] 1#1: using the "epoll" event method
2025/03/14 07:25:30 [notice] 1#1: nginx/1.27.4
2025/03/14 07:25:30 [notice] 1#1: built by gcc 12.2.0 (Debian 12.2.0-14) 
2025/03/14 07:25:30 [notice] 1#1: OS: Linux 6.12.5-linuxkit
2025/03/14 07:25:30 [notice] 1#1: getrlimit(RLIMIT_NOFILE): 1048576:1048576
2025/03/14 07:25:30 [notice] 1#1: start worker processes
2025/03/14 07:25:30 [notice] 1#1: start worker process 28
2025/03/14 07:25:30 [notice] 1#1: start worker process 29
2025/03/14 07:25:30 [notice] 1#1: start worker process 30
2025/03/14 07:25:30 [notice] 1#1: start worker process 31
2025/03/14 07:25:30 [notice] 1#1: start worker process 32
2025/03/14 07:25:30 [notice] 1#1: start worker process 33
2025/03/14 07:25:30 [notice] 1#1: start worker process 34
2025/03/14 07:25:30 [notice] 1#1: start worker process 35
2025/03/14 07:25:30 [notice] 1#1: start worker process 36
2025/03/14 07:25:30 [notice] 1#1: start worker process 37
2025/03/14 07:25:30 [notice] 1#1: start worker process 38
2025/03/14 07:25:30 [notice] 1#1: start worker process 39
2025/03/14 07:25:30 [notice] 1#1: start worker process 40
2025/03/14 07:25:30 [notice] 1#1: start worker process 41
2025/03/14 07:25:30 [notice] 1#1: start worker process 42
2025/03/14 07:25:30 [notice] 1#1: start worker process 43
2025/03/14 07:59:34 [notice] 1#1: signal 3 (SIGQUIT) received, shutting down
2025/03/14 07:59:34 [notice] 29#29: gracefully shutting down
2025/03/14 07:59:34 [notice] 28#28: gracefully shutting down
2025/03/14 07:59:34 [notice] 30#30: gracefully shutting down
2025/03/14 07:59:34 [notice] 30#30: exiting
2025/03/14 07:59:34 [notice] 31#31: gracefully shutting down
2025/03/14 07:59:34 [notice] 30#30: exit
2025/03/14 07:59:34 [notice] 33#33: gracefully shutting down
2025/03/14 07:59:34 [notice] 32#32: gracefully shutting down
2025/03/14 07:59:34 [notice] 32#32: exiting
2025/03/14 07:59:34 [notice] 36#36: gracefully shutting down
2025/03/14 07:59:34 [notice] 34#34: gracefully shutting down
2025/03/14 07:59:34 [notice] 38#38: gracefully shutting down
2025/03/14 07:59:34 [notice] 39#39: gracefully shutting down
2025/03/14 07:59:34 [notice] 37#37: gracefully shutting down
2025/03/14 07:59:34 [notice] 35#35: gracefully shutting down
2025/03/14 07:59:34 [notice] 41#41: gracefully shutting down
2025/03/14 07:59:34 [notice] 40#40: gracefully shutting down
2025/03/14 07:59:34 [notice] 42#42: gracefully shutting down
2025/03/14 07:59:34 [notice] 43#43: gracefully shutting down
2025/03/14 07:59:34 [notice] 29#29: exiting
2025/03/14 07:59:34 [notice] 28#28: exiting
2025/03/14 07:59:34 [notice] 31#31: exiting
2025/03/14 07:59:34 [notice] 33#33: exiting
2025/03/14 07:59:34 [notice] 32#32: exit
2025/03/14 07:59:34 [notice] 36#36: exiting
2025/03/14 07:59:34 [notice] 34#34: exiting
2025/03/14 07:59:34 [notice] 38#38: exiting
2025/03/14 07:59:34 [notice] 39#39: exiting
2025/03/14 07:59:34 [notice] 37#37: exiting
2025/03/14 07:59:34 [notice] 35#35: exiting
2025/03/14 07:59:34 [notice] 41#41: exiting
2025/03/14 07:59:34 [notice] 40#40: exiting
2025/03/14 07:59:34 [notice] 41#41: exit
2025/03/14 07:59:34 [notice] 42#42: exiting
2025/03/14 07:59:34 [notice] 43#43: exiting
2025/03/14 07:59:34 [notice] 29#29: exit
2025/03/14 07:59:34 [notice] 28#28: exit
2025/03/14 07:59:34 [notice] 31#31: exit
2025/03/14 07:59:34 [notice] 33#33: exit
2025/03/14 07:59:34 [notice] 36#36: exit
2025/03/14 07:59:34 [notice] 34#34: exit
2025/03/14 07:59:34 [notice] 38#38: exit
2025/03/14 07:59:34 [notice] 39#39: exit
2025/03/14 07:59:34 [notice] 37#37: exit
2025/03/14 07:59:34 [notice] 35#35: exit
2025/03/14 07:59:34 [notice] 40#40: exit
2025/03/14 07:59:34 [notice] 42#42: exit
2025/03/14 07:59:34 [notice] 43#43: exit
2025/03/14 07:59:34 [notice] 1#1: signal 17 (SIGCHLD) received from 34
2025/03/14 07:59:34 [notice] 1#1: worker process 30 exited with code 0
2025/03/14 07:59:34 [notice] 1#1: worker process 33 exited with code 0
2025/03/14 07:59:34 [notice] 1#1: worker process 34 exited with code 0
2025/03/14 07:59:34 [notice] 1#1: worker process 43 exited with code 0
2025/03/14 07:59:34 [notice] 1#1: signal 29 (SIGIO) received
2025/03/14 07:59:34 [notice] 1#1: signal 17 (SIGCHLD) received from 30
2025/03/14 07:59:34 [notice] 1#1: signal 17 (SIGCHLD) received from 39
2025/03/14 07:59:34 [notice] 1#1: worker process 36 exited with code 0
2025/03/14 07:59:34 [notice] 1#1: worker process 38 exited with code 0
2025/03/14 07:59:34 [notice] 1#1: worker process 39 exited with code 0
2025/03/14 07:59:34 [notice] 1#1: signal 29 (SIGIO) received
2025/03/14 07:59:34 [notice] 1#1: signal 17 (SIGCHLD) received from 38
2025/03/14 07:59:34 [notice] 1#1: signal 17 (SIGCHLD) received from 40
2025/03/14 07:59:34 [notice] 1#1: worker process 28 exited with code 0
2025/03/14 07:59:34 [notice] 1#1: worker process 29 exited with code 0
2025/03/14 07:59:34 [notice] 1#1: worker process 31 exited with code 0
2025/03/14 07:59:34 [notice] 1#1: worker process 32 exited with code 0
2025/03/14 07:59:34 [notice] 1#1: worker process 35 exited with code 0
2025/03/14 07:59:34 [notice] 1#1: worker process 37 exited with code 0
2025/03/14 07:59:34 [notice] 1#1: worker process 40 exited with code 0
2025/03/14 07:59:34 [notice] 1#1: worker process 41 exited with code 0
2025/03/14 07:59:34 [notice] 1#1: worker process 42 exited with code 0
2025/03/14 07:59:34 [notice] 1#1: exit
